--------------------------------------------------------------------------------
Release 14.2 Trace  (nt)
Copyright (c) 1995-2012 Xilinx, Inc.  All rights reserved.

C:\Xilinx\14.2\ISE_DS\ISE\bin\nt\unwrapped\trce.exe -intstyle ise -v 3 -s 3 -n
3 -fastpaths -xml bluetoothControlTL.twx bluetoothControlTL.ncd -o
bluetoothControlTL.twr bluetoothControlTL.pcf -ucf bluetoothControlTL.ucf

Design file:              bluetoothControlTL.ncd
Physical constraint file: bluetoothControlTL.pcf
Device,package,speed:     xc6slx16,csg324,C,-3 (PRODUCTION 1.22 2012-07-09)
Report level:             verbose report

Environment Variable      Effect 
--------------------      ------ 
NONE                      No environment variables were set
--------------------------------------------------------------------------------

INFO:Timing:2698 - No timing constraints found, doing default enumeration.
INFO:Timing:3412 - To improve timing, see the Timing Closure User Guide (UG612).
INFO:Timing:2752 - To get complete path coverage, use the unconstrained paths 
   option. All paths that are not constrained will be reported in the 
   unconstrained paths section(s) of the report.
INFO:Timing:3339 - The clock-to-out numbers in this timing report are based on 
   a 50 Ohm transmission line loading model.  For the details of this model, 
   and for more information on accounting for different loading conditions, 
   please see the device datasheet.



Data Sheet report:
-----------------
All values displayed in nanoseconds (ns)

Clock clock to Pad
-----------------+-----------------+------------+-----------------+------------+------------------+--------+
                 |Max (slowest) clk|  Process   |Min (fastest) clk|  Process   |                  | Clock  |
Destination      |  (edge) to PAD  |   Corner   |  (edge) to PAD  |   Corner   |Internal Clock(s) | Phase  |
-----------------+-----------------+------------+-----------------+------------+------------------+--------+
seven_seg_an<0>  |         8.562(R)|      SLOW  |         4.292(R)|      FAST  |clock_BUFGP       |   0.000|
seven_seg_an<1>  |         8.575(R)|      SLOW  |         4.306(R)|      FAST  |clock_BUFGP       |   0.000|
seven_seg_an<2>  |         8.310(R)|      SLOW  |         4.254(R)|      FAST  |clock_BUFGP       |   0.000|
seven_seg_an<3>  |         8.409(R)|      SLOW  |         4.333(R)|      FAST  |clock_BUFGP       |   0.000|
seven_seg_cath<0>|         8.766(R)|      SLOW  |         4.442(R)|      FAST  |clock_BUFGP       |   0.000|
seven_seg_cath<1>|         8.368(R)|      SLOW  |         4.375(R)|      FAST  |clock_BUFGP       |   0.000|
seven_seg_cath<2>|         8.588(R)|      SLOW  |         4.438(R)|      FAST  |clock_BUFGP       |   0.000|
seven_seg_cath<3>|         9.133(R)|      SLOW  |         4.669(R)|      FAST  |clock_BUFGP       |   0.000|
seven_seg_cath<4>|         8.843(R)|      SLOW  |         4.475(R)|      FAST  |clock_BUFGP       |   0.000|
seven_seg_cath<5>|         8.794(R)|      SLOW  |         4.592(R)|      FAST  |clock_BUFGP       |   0.000|
seven_seg_cath<6>|         8.453(R)|      SLOW  |         4.441(R)|      FAST  |clock_BUFGP       |   0.000|
-----------------+-----------------+------------+-----------------+------------+------------------+--------+

Clock to Setup on destination clock clock
---------------+---------+---------+---------+---------+
               | Src:Rise| Src:Fall| Src:Rise| Src:Fall|
Source Clock   |Dest:Rise|Dest:Rise|Dest:Fall|Dest:Fall|
---------------+---------+---------+---------+---------+
clock          |    2.998|         |         |         |
---------------+---------+---------+---------+---------+


Analysis completed Sun Apr 21 00:18:11 2013 
--------------------------------------------------------------------------------

Trace Settings:
-------------------------
Trace Settings 

Peak Memory Usage: 148 MB



